<?xml version="1.0" encoding="UTF-8"?>
<testng-results skipped="0" failed="0" total="1" passed="1">
  <reporter-output>
  </reporter-output>
  <suite name="SuiteJenkins" duration-ms="9378" started-at="2016-10-21T10:06:20Z" finished-at="2016-10-21T10:06:29Z">
    <groups>
    </groups>
    <test name="TestJenkins" duration-ms="9378" started-at="2016-10-21T10:06:20Z" finished-at="2016-10-21T10:06:29Z">
      <class name="firstJenkinsProject.TestJenkins">
        <test-method status="PASS" signature="JenkinsJob()[pri:0, instance:firstJenkinsProject.TestJenkins@3aa9e816]" name="JenkinsJob" duration-ms="9360" started-at="2016-10-21T15:36:20Z" finished-at="2016-10-21T15:36:29Z">
          <reporter-output>
          </reporter-output>
        </test-method> <!-- JenkinsJob -->
      </class> <!-- firstJenkinsProject.TestJenkins -->
    </test> <!-- TestJenkins -->
  </suite> <!-- SuiteJenkins -->
</testng-results>
