<?xml version="1.0" encoding="UTF-8"?>
<!-- Generated by org.testng.reporters.JUnitXMLReporter -->
<testsuite hostname="Bharath" name="NiftyIT_Page_Tests" tests="2" failures="0" timestamp="28 Oct 2016 07:21:28 GMT" time="0.13" errors="0">
  <testcase name="@BeforeTest initializeApp" time="0.0" classname="com.mobileinvest.tests.NiftyITPage">
    <failure type="org.openqa.selenium.SessionNotCreatedException" message="A new session could not be created. (Original error: Requested a new session but one was in progress) (WARNING: The server did not provide any stacktrace information)
Command duration or timeout: 114 milliseconds
Build info: version: &amp;apos;2.53.1&amp;apos;, revision: &amp;apos;a36b8b1&amp;apos;, time: &amp;apos;2016-06-30 17:32:46&amp;apos;
System info: host: &amp;apos;Bharath&amp;apos;, ip: &amp;apos;192.168.0.104&amp;apos;, os.name: &amp;apos;Windows 10&amp;apos;, os.arch: &amp;apos;amd64&amp;apos;, os.version: &amp;apos;10.0&amp;apos;, java.version: &amp;apos;1.8.0_101&amp;apos;
Driver info: io.appium.java_client.android.AndroidDriver">
      <![CDATA[org.openqa.selenium.SessionNotCreatedException: A new session could not be created. (Original error: Requested a new session but one was in progress) (WARNING: The server did not provide any stacktrace information)
Command duration or timeout: 114 milliseconds
Build info: version: '2.53.1', revision: 'a36b8b1', time: '2016-06-30 17:32:46'
System info: host: 'Bharath', ip: '192.168.0.104', os.name: 'Windows 10', os.arch: 'amd64', os.version: '10.0', java.version: '1.8.0_101'
Driver info: io.appium.java_client.android.AndroidDriver
	at org.openqa.selenium.remote.ErrorHandler.createThrowable(ErrorHandler.java:206)
	at org.openqa.selenium.remote.ErrorHandler.throwIfResponseFailed(ErrorHandler.java:158)
	at org.openqa.selenium.remote.RemoteWebDriver.execute(RemoteWebDriver.java:678)
	at io.appium.java_client.DefaultGenericMobileDriver.execute(DefaultGenericMobileDriver.java:40)
	at io.appium.java_client.AppiumDriver.execute(AppiumDriver.java:1)
	at io.appium.java_client.android.AndroidDriver.execute(AndroidDriver.java:1)
	at org.openqa.selenium.remote.RemoteWebDriver.startSession(RemoteWebDriver.java:249)
	at org.openqa.selenium.remote.RemoteWebDriver.<init>(RemoteWebDriver.java:131)
	at org.openqa.selenium.remote.RemoteWebDriver.<init>(RemoteWebDriver.java:144)
	at io.appium.java_client.DefaultGenericMobileDriver.<init>(DefaultGenericMobileDriver.java:36)
	at io.appium.java_client.AppiumDriver.<init>(AppiumDriver.java:114)
	at io.appium.java_client.AppiumDriver.<init>(AppiumDriver.java:132)
	at io.appium.java_client.android.AndroidDriver.<init>(AndroidDriver.java:92)
	at com.mobileinvest.utilities.InitiateApplication.Start(InitiateApplication.java:37)
	at com.mobileinvest.tests.IndexWatchPage.initializeApp(IndexWatchPage.java:24)
	at com.mobileinvest.tests.NiftyITPage.initializeApp(NiftyITPage.java:25)
... Removed 26 stack frames]]>
    </failure>
  </testcase> <!-- @BeforeTest initializeApp -->
  <testcase name="@AfterTest closeApp" time="0.0" classname="com.mobileinvest.tests.NiftyITPage">
    <skipped/>
  </testcase> <!-- @AfterTest closeApp -->
  <testcase name="Open_NiftyITPage" time="0.001" classname="com.mobileinvest.tests.NiftyITPage">
    <skipped/>
  </testcase> <!-- Open_NiftyITPage -->
  <testcase name="Select_CandleStick_Chart" time="0.0" classname="com.mobileinvest.tests.NiftyITPage">
    <skipped/>
  </testcase> <!-- Select_CandleStick_Chart -->
</testsuite> <!-- NiftyIT_Page_Tests -->
