<?xml version="1.0" encoding="UTF-8"?>
<testng-results skipped="0" failed="0" total="1" passed="1">
  <reporter-output>
  </reporter-output>
  <suite name="Suite" duration-ms="15238" started-at="2016-10-21T06:41:45Z" finished-at="2016-10-21T06:42:00Z">
    <groups>
    </groups>
    <test name="Test" duration-ms="15238" started-at="2016-10-21T06:41:45Z" finished-at="2016-10-21T06:42:00Z">
      <class name="com.maven.firstProject.TestMavenProject">
        <test-method status="PASS" signature="testHello()[pri:0, instance:com.maven.firstProject.TestMavenProject@1753acfe]" name="testHello" duration-ms="15209" started-at="2016-10-21T12:11:45Z" finished-at="2016-10-21T12:12:00Z">
          <reporter-output>
          </reporter-output>
        </test-method> <!-- testHello -->
      </class> <!-- com.maven.firstProject.TestMavenProject -->
    </test> <!-- Test -->
  </suite> <!-- Suite -->
</testng-results>
